2014-04-12 22:24:55 - ----------------------------------------------------------
2014-04-12 22:24:55 - paylineSDK::__construct(20665821525569, xL****************jH, , , , , 0)
2014-04-12 22:24:55 - webServiceRequest(doWebPayment) - Location : https://homologation.payline.com/V4/services/WebPaymentAPI
2014-04-12 22:24:56 - response return (code 02303)
2014-04-12 22:26:31 - ----------------------------------------------------------
2014-04-12 22:26:31 - paylineSDK::__construct(20665821525569, xL****************jH, , , , , 0)
2014-04-12 22:26:31 - webServiceRequest(getMerchantSettings) - Location : https://homologation.payline.com/V4/services/DirectPaymentAPI
2014-04-12 22:26:32 - response return (code 00000)
2014-04-12 22:27:08 - ----------------------------------------------------------
2014-04-12 22:27:08 - paylineSDK::__construct(20665821525569, xL****************jH, , , , , 0)
2014-04-12 22:27:08 - webServiceRequest(doAuthorization) - Location : https://homologation.payline.com/V4/services/DirectPaymentAPI
2014-04-12 22:27:12 - response return (code 00000)
2014-04-12 22:27:12 - webServiceRequest(getTransactionDetails) - Location : https://homologation.payline.com/V4/services/ExtendedAPI
2014-04-12 22:27:13 - response return (code 00000)
2014-04-12 22:27:14 - webServiceRequest(createWallet) - Location : https://homologation.payline.com/V4/services/DirectPaymentAPI
2014-04-12 22:27:15 - response return (code 02500)
2014-04-12 22:27:15 - ----------------------------------------------------------
2014-04-12 22:27:15 - paylineSDK::__construct(20665821525569, xL****************jH, , , , , 0)
2014-04-12 22:27:15 - webServiceRequest(getTransactionDetails) - Location : https://homologation.payline.com/V4/services/ExtendedAPI
2014-04-12 22:27:16 - response return (code 00000)
2014-04-12 22:45:04 - ----------------------------------------------------------
2014-04-12 22:45:04 - paylineSDK::__construct(20665821525569, xL****************jH, , , , , 0)
2014-04-12 22:45:04 - webServiceRequest(getMerchantSettings) - Location : https://homologation.payline.com/V4/services/DirectPaymentAPI
2014-04-12 22:45:05 - response return (code 00000)
2014-04-12 23:13:19 - ----------------------------------------------------------
2014-04-12 23:13:19 - paylineSDK::__construct(20665821525569, xL****************jH, , , , , 0)
2014-04-12 23:13:19 - webServiceRequest(getWallet) - Location : https://homologation.payline.com/V4/services/DirectPaymentAPI
2014-04-12 23:13:20 - response return (code 02500)
2014-04-12 23:13:39 - ----------------------------------------------------------
2014-04-12 23:13:39 - paylineSDK::__construct(20665821525569, xL****************jH, , , , , 0)
2014-04-12 23:13:39 - webServiceRequest(doWebPayment) - Location : https://homologation.payline.com/V4/services/WebPaymentAPI
2014-04-12 23:13:40 - response return (code 00000)
2014-04-12 23:14:01 - ----------------------------------------------------------
2014-04-12 23:14:01 - paylineSDK::__construct(20665821525569, xL****************jH, , , , , 0)
2014-04-12 23:14:01 - webServiceRequest(getWebPaymentDetails) - Location : https://homologation.payline.com/V4/services/WebPaymentAPI
2014-04-12 23:14:02 - response return (code 00000)
2014-04-12 23:14:02 - ----------------------------------------------------------
2014-04-12 23:14:02 - paylineSDK::__construct(20665821525569, xL****************jH, , , , , 0)
2014-04-12 23:14:02 - webServiceRequest(getTransactionDetails) - Location : https://homologation.payline.com/V4/services/ExtendedAPI
2014-04-12 23:14:03 - response return (code 00000)
2014-04-12 23:16:12 - ----------------------------------------------------------
2014-04-12 23:16:12 - paylineSDK::__construct(20665821525569, xL****************jH, , , , , 0)
2014-04-12 23:16:12 - webServiceRequest(getWebPaymentDetails) - Location : https://homologation.payline.com/V4/services/WebPaymentAPI
2014-04-12 23:16:13 - response return (code 00000)
2014-04-12 23:16:17 - ----------------------------------------------------------
2014-04-12 23:16:17 - paylineSDK::__construct(20665821525569, xL****************jH, , , , , 0)
2014-04-12 23:16:17 - webServiceRequest(getWebPaymentDetails) - Location : https://homologation.payline.com/V4/services/WebPaymentAPI
2014-04-12 23:16:17 - response return (code 00000)
2014-04-12 23:17:05 - ----------------------------------------------------------
2014-04-12 23:17:05 - paylineSDK::__construct(20665821525569, xL****************jH, , , , , 0)
2014-04-12 23:17:05 - webServiceRequest(getWebPaymentDetails) - Location : https://homologation.payline.com/V4/services/WebPaymentAPI
2014-04-12 23:17:06 - response return (code 00000)
2014-04-12 23:17:56 - ----------------------------------------------------------
2014-04-12 23:17:56 - paylineSDK::__construct(20665821525569, xL****************jH, , , , , 0)
2014-04-12 23:17:56 - webServiceRequest(doWebPayment) - Location : https://homologation.payline.com/V4/services/WebPaymentAPI
2014-04-12 23:17:57 - response return (code 00000)
2014-04-12 23:18:38 - ----------------------------------------------------------
2014-04-12 23:18:38 - paylineSDK::__construct(20665821525569, xL****************jH, , , , , 0)
2014-04-12 23:18:38 - webServiceRequest(getWebPaymentDetails) - Location : https://homologation.payline.com/V4/services/WebPaymentAPI
2014-04-12 23:18:40 - response return (code 00000)
2014-04-12 23:18:41 - ----------------------------------------------------------
2014-04-12 23:18:41 - paylineSDK::__construct(20665821525569, xL****************jH, , , , , 0)
2014-04-12 23:18:41 - webServiceRequest(getTransactionDetails) - Location : https://homologation.payline.com/V4/services/ExtendedAPI
2014-04-12 23:18:42 - response return (code 00000)
2014-04-12 23:19:04 - ----------------------------------------------------------
2014-04-12 23:19:04 - paylineSDK::__construct(20665821525569, xL****************jH, , , , , 0)
