2014-04-22 18:21:10 - ----------------------------------------------------------
2014-04-22 18:21:10 - paylineSDK::__construct(20665821525569, xL****************jH, , , , , 0)
2014-04-22 18:21:10 - webServiceRequest(getWallet) - Location : https://homologation.payline.com/V4/services/DirectPaymentAPI
2014-04-22 18:21:11 - response return (code 02500)
2014-04-22 18:24:32 - ----------------------------------------------------------
2014-04-22 18:24:32 - paylineSDK::__construct(20665821525569, xL****************jH, , , , , 0)
2014-04-22 18:24:32 - webServiceRequest(doAuthorization) - Location : https://homologation.payline.com/V4/services/DirectPaymentAPI
2014-04-22 18:24:34 - response return (code 00000)
2014-04-22 18:24:34 - webServiceRequest(getTransactionDetails) - Location : https://homologation.payline.com/V4/services/ExtendedAPI
2014-04-22 18:24:35 - response return (code 00000)
2014-04-22 18:24:36 - ----------------------------------------------------------
2014-04-22 18:24:36 - paylineSDK::__construct(20665821525569, xL****************jH, , , , , 0)
2014-04-22 18:24:36 - webServiceRequest(getTransactionDetails) - Location : https://homologation.payline.com/V4/services/ExtendedAPI
2014-04-22 18:24:37 - response return (code 00000)
2014-04-22 19:03:31 - ----------------------------------------------------------
2014-04-22 19:03:31 - paylineSDK::__construct(20665821525569, xL****************jH, , , , , 0)
2014-04-22 19:03:31 - webServiceRequest(getTransactionDetails) - Location : https://homologation.payline.com/V4/services/ExtendedAPI
2014-04-22 19:03:32 - response return (code 00000)
2014-04-22 19:07:23 - ----------------------------------------------------------
2014-04-22 19:07:23 - paylineSDK::__construct(20665821525569, xL****************jH, , , , , 0)
2014-04-22 19:07:23 - webServiceRequest(getTransactionDetails) - Location : https://homologation.payline.com/V4/services/ExtendedAPI
2014-04-22 19:07:23 - response return (code 00000)
2014-04-22 19:07:23 - webServiceRequest(doRefund) - Location : https://homologation.payline.com/V4/services/DirectPaymentAPI
2014-04-22 19:07:25 - response return (code 00000)
2014-04-22 19:44:06 - ----------------------------------------------------------
2014-04-22 19:44:06 - paylineSDK::__construct(20665821525569, xL****************jH, , , , , 0)
2014-04-22 19:44:06 - webServiceRequest(doWebPayment) - Location : https://homologation.payline.com/V4/services/WebPaymentAPI
2014-04-22 19:44:09 - response return (code 00000)
2014-04-22 19:47:48 - ----------------------------------------------------------
2014-04-22 19:47:48 - paylineSDK::__construct(20665821525569, xL****************jH, , , , , 0)
2014-04-22 19:47:48 - webServiceRequest(getWebPaymentDetails) - Location : https://homologation.payline.com/V4/services/WebPaymentAPI
2014-04-22 19:47:49 - response return (code 00000)
2014-04-22 19:47:50 - ----------------------------------------------------------
2014-04-22 19:47:50 - paylineSDK::__construct(20665821525569, xL****************jH, , , , , 0)
2014-04-22 19:47:50 - webServiceRequest(getTransactionDetails) - Location : https://homologation.payline.com/V4/services/ExtendedAPI
2014-04-22 19:47:50 - response return (code 00000)
2014-04-22 21:12:42 - ----------------------------------------------------------
2014-04-22 21:12:42 - paylineSDK::__construct(20665821525569, xL****************jH, , , , , 0)
2014-04-22 21:12:42 - webServiceRequest(doAuthorization) - Location : https://homologation.payline.com/V4/services/DirectPaymentAPI
2014-04-22 21:12:44 - response return (code 00000)
2014-04-22 21:12:44 - webServiceRequest(getTransactionDetails) - Location : https://homologation.payline.com/V4/services/ExtendedAPI
2014-04-22 21:12:46 - response return (code 00000)
2014-04-22 21:12:46 - ----------------------------------------------------------
2014-04-22 21:12:46 - paylineSDK::__construct(20665821525569, xL****************jH, , , , , 0)
2014-04-22 21:12:46 - webServiceRequest(getTransactionDetails) - Location : https://homologation.payline.com/V4/services/ExtendedAPI
2014-04-22 21:12:47 - response return (code 00000)
